<?xml version="1.0" encoding="UTF-8"?>
<testsuite name="in.bookmycars.server.BookMyCarsServerApplicationTests" tests="1" skipped="0" failures="0" errors="0" timestamp="2020-02-03T16:22:34" hostname="LAPTOP-D1GI58VA" time="0.469">
  <properties/>
  <testcase name="contextLoads()" classname="in.bookmycars.server.BookMyCarsServerApplicationTests" time="0.469"/>
  <system-out><![CDATA[21:52:28.879 [Test worker] DEBUG org.springframework.test.context.BootstrapUtils - Instantiating CacheAwareContextLoaderDelegate from class [org.springframework.test.context.cache.DefaultCacheAwareContextLoaderDelegate]
21:52:28.994 [Test worker] DEBUG org.springframework.test.context.BootstrapUtils - Instantiating BootstrapContext using constructor [public org.springframework.test.context.support.DefaultBootstrapContext(java.lang.Class,org.springframework.test.context.CacheAwareContextLoaderDelegate)]
21:52:29.132 [Test worker] DEBUG org.springframework.test.context.BootstrapUtils - Instantiating TestContextBootstrapper for test class [in.bookmycars.server.BookMyCarsServerApplicationTests] from class [org.springframework.boot.test.context.SpringBootTestContextBootstrapper]
21:52:29.236 [Test worker] INFO org.springframework.boot.test.context.SpringBootTestContextBootstrapper - Neither @ContextConfiguration nor @ContextHierarchy found for test class [in.bookmycars.server.BookMyCarsServerApplicationTests], using SpringBootContextLoader
21:52:29.239 [Test worker] DEBUG org.springframework.test.context.support.AbstractContextLoader - Did not detect default resource location for test class [in.bookmycars.server.BookMyCarsServerApplicationTests]: class path resource [in/bookmycars/server/BookMyCarsServerApplicationTests-context.xml] does not exist
21:52:29.239 [Test worker] DEBUG org.springframework.test.context.support.AbstractContextLoader - Did not detect default resource location for test class [in.bookmycars.server.BookMyCarsServerApplicationTests]: class path resource [in/bookmycars/server/BookMyCarsServerApplicationTestsContext.groovy] does not exist
21:52:29.243 [Test worker] INFO org.springframework.test.context.support.AbstractContextLoader - Could not detect default resource locations for test class [in.bookmycars.server.BookMyCarsServerApplicationTests]: no resource found for suffixes {-context.xml, Context.groovy}.
21:52:29.248 [Test worker] INFO org.springframework.test.context.support.AnnotationConfigContextLoaderUtils - Could not detect default configuration classes for test class [in.bookmycars.server.BookMyCarsServerApplicationTests]: BookMyCarsServerApplicationTests does not declare any static, non-private, non-final, nested classes annotated with @Configuration.
21:52:29.340 [Test worker] DEBUG org.springframework.test.context.support.ActiveProfilesUtils - Could not find an 'annotation declaring class' for annotation type [org.springframework.test.context.ActiveProfiles] and class [in.bookmycars.server.BookMyCarsServerApplicationTests]
21:52:29.467 [Test worker] DEBUG org.springframework.context.annotation.ClassPathScanningCandidateComponentProvider - Identified candidate component class: file [R:\workspace\bookmycars-server\build\classes\java\main\in\bookmycars\server\BookMyCarsServerApplication.class]
21:52:29.472 [Test worker] INFO org.springframework.boot.test.context.SpringBootTestContextBootstrapper - Found @SpringBootConfiguration in.bookmycars.server.BookMyCarsServerApplication for test class in.bookmycars.server.BookMyCarsServerApplicationTests
21:52:29.617 [Test worker] DEBUG org.springframework.boot.test.context.SpringBootTestContextBootstrapper - @TestExecutionListeners is not present for class [in.bookmycars.server.BookMyCarsServerApplicationTests]: using defaults.
21:52:29.625 [Test worker] INFO org.springframework.boot.test.context.SpringBootTestContextBootstrapper - Loaded default TestExecutionListener class names from location [META-INF/spring.factories]: [org.springframework.boot.test.autoconfigure.restdocs.RestDocsTestExecutionListener, org.springframework.boot.test.autoconfigure.web.client.MockRestServiceServerResetTestExecutionListener, org.springframework.boot.test.autoconfigure.web.servlet.MockMvcPrintOnlyOnFailureTestExecutionListener, org.springframework.boot.test.autoconfigure.web.servlet.WebDriverTestExecutionListener, org.springframework.boot.test.mock.mockito.MockitoTestExecutionListener, org.springframework.boot.test.mock.mockito.ResetMocksTestExecutionListener, org.springframework.test.context.web.ServletTestExecutionListener, org.springframework.test.context.support.DirtiesContextBeforeModesTestExecutionListener, org.springframework.test.context.support.DependencyInjectionTestExecutionListener, org.springframework.test.context.support.DirtiesContextTestExecutionListener, org.springframework.test.context.transaction.TransactionalTestExecutionListener, org.springframework.test.context.jdbc.SqlScriptsTestExecutionListener, org.springframework.test.context.event.EventPublishingTestExecutionListener]
21:52:29.668 [Test worker] INFO org.springframework.boot.test.context.SpringBootTestContextBootstrapper - Using TestExecutionListeners: [org.springframework.test.context.web.ServletTestExecutionListener@587eec6d, org.springframework.test.context.support.DirtiesContextBeforeModesTestExecutionListener@7d85bb24, org.springframework.boot.test.mock.mockito.MockitoTestExecutionListener@755e79bd, org.springframework.boot.test.autoconfigure.SpringBootDependencyInjectionTestExecutionListener@adab125, org.springframework.test.context.support.DirtiesContextTestExecutionListener@25e83997, org.springframework.test.context.transaction.TransactionalTestExecutionListener@7564ea95, org.springframework.test.context.jdbc.SqlScriptsTestExecutionListener@73f1e615, org.springframework.test.context.event.EventPublishingTestExecutionListener@2cfd22d7, org.springframework.boot.test.autoconfigure.restdocs.RestDocsTestExecutionListener@483d825e, org.springframework.boot.test.autoconfigure.web.client.MockRestServiceServerResetTestExecutionListener@1a5fe98e, org.springframework.boot.test.autoconfigure.web.servlet.MockMvcPrintOnlyOnFailureTestExecutionListener@6662759e, org.springframework.boot.test.autoconfigure.web.servlet.WebDriverTestExecutionListener@234c081f, org.springframework.boot.test.mock.mockito.ResetMocksTestExecutionListener@747415a]
21:52:29.672 [Test worker] DEBUG org.springframework.test.context.support.AbstractDirtiesContextTestExecutionListener - Before test class: context [DefaultTestContext@4691c670 testClass = BookMyCarsServerApplicationTests, testInstance = [null], testMethod = [null], testException = [null], mergedContextConfiguration = [WebMergedContextConfiguration@32b8097f testClass = BookMyCarsServerApplicationTests, locations = '{}', classes = '{class in.bookmycars.server.BookMyCarsServerApplication}', contextInitializerClasses = '[]', activeProfiles = '{}', propertySourceLocations = '{}', propertySourceProperties = '{org.springframework.boot.test.context.SpringBootTestContextBootstrapper=true}', contextCustomizers = set[org.springframework.boot.test.autoconfigure.properties.PropertyMappingContextCustomizer@0, org.springframework.boot.test.autoconfigure.web.servlet.WebDriverContextCustomizerFactory$Customizer@49dbf88f, org.springframework.boot.test.context.filter.ExcludeFilterContextCustomizer@433e395, org.springframework.boot.test.json.DuplicateJsonObjectContextCustomizerFactory$DuplicateJsonObjectContextCustomizer@68c152d9, org.springframework.boot.test.mock.mockito.MockitoContextCustomizer@0, org.springframework.boot.test.web.client.TestRestTemplateContextCustomizer@606b0a94], resourceBasePath = 'src/main/webapp', contextLoader = 'org.springframework.boot.test.context.SpringBootContextLoader', parent = [null]], attributes = map['org.springframework.test.context.web.ServletTestExecutionListener.activateListener' -> true]], class annotated with @DirtiesContext [false] with mode [null].
21:52:29.730 [Test worker] DEBUG org.springframework.test.context.support.TestPropertySourceUtils - Adding inlined properties to environment: {spring.jmx.enabled=false, org.springframework.boot.test.context.SpringBootTestContextBootstrapper=true, server.port=-1}

  .   ____          _            __ _ _
 /\\ / ___'_ __ _ _(_)_ __  __ _ \ \ \ \
( ( )\___ | '_ | '_| | '_ \/ _` | \ \ \ \
 \\/  ___)| |_)| | | | | || (_| |  ) ) ) )
  '  |____| .__|_| |_|_| |_\__, | / / / /
 =========|_|==============|___/=/_/_/_/
 :: Spring Boot ::        (v2.2.4.RELEASE)

2020-02-03 21:52:30.146  INFO 15352 --- [    Test worker] i.b.s.BookMyCarsServerApplicationTests   : Starting BookMyCarsServerApplicationTests on LAPTOP-D1GI58VA with PID 15352 (started by ravin in R:\workspace\bookmycars-server)
2020-02-03 21:52:30.146  INFO 15352 --- [    Test worker] i.b.s.BookMyCarsServerApplicationTests   : No active profile set, falling back to default profiles: default
2020-02-03 21:52:31.426  INFO 15352 --- [    Test worker] .s.d.r.c.RepositoryConfigurationDelegate : Bootstrapping Spring Data JDBC repositories in DEFAULT mode.
2020-02-03 21:52:31.473  INFO 15352 --- [    Test worker] .s.d.r.c.RepositoryConfigurationDelegate : Finished Spring Data repository scanning in 37ms. Found 0 JDBC repository interfaces.
2020-02-03 21:52:31.971  INFO 15352 --- [    Test worker] trationDelegate$BeanPostProcessorChecker : Bean 'org.springframework.transaction.annotation.ProxyTransactionManagementConfiguration' of type [org.springframework.transaction.annotation.ProxyTransactionManagementConfiguration] is not eligible for getting processed by all BeanPostProcessors (for example: not eligible for auto-proxying)
2020-02-03 21:52:33.675  INFO 15352 --- [    Test worker] o.s.s.concurrent.ThreadPoolTaskExecutor  : Initializing ExecutorService 'applicationTaskExecutor'
2020-02-03 21:52:34.303  INFO 15352 --- [    Test worker] i.b.s.BookMyCarsServerApplicationTests   : Started BookMyCarsServerApplicationTests in 4.554 seconds (JVM running for 6.971)
]]></system-out>
  <system-err><![CDATA[]]></system-err>
</testsuite>
